<?xml version="1.0" encoding="UTF-8"?>
<testsuite xmlns:xsi="http://www.w3.org/2001/XMLSchema-instance" xsi:noNamespaceSchemaLocation="https://maven.apache.org/surefire/maven-surefire-plugin/xsd/surefire-test-report.xsd" name="de.niklas.test.Test" time="3.199" tests="3" errors="0" skipped="0" failures="0">
  <properties>
[...]
</properties>
  <testcase name="testSet" classname="de.niklas.test.Test" time="0.018"/>
  <testcase name="testEnemy" classname="de.niklas.test.Test" time="3.174"/>
  <testcase name="testChecker" classname="de.niklas.test.Test" time="0.001"/>
</testsuite>